<?xml version="1.0" encoding="UTF-8"?>
<!-- Generated by org.testng.reporters.JUnitXMLReporter -->
<testsuite ignored="0" hostname="LAPTOP-FORU392P" failures="1" tests="1" name="AddReviewComments" time="1.156" errors="0" timestamp="2021-11-15T01:38:12 IST">
  <testcase classname="com.assignment.two.testcases.TC01_AddReviewComments" name="tc01_AddReviewComments" time="1.113">
    <failure type="org.testng.internal.reflect.MethodMatcherException" message="
[public void com.assignment.two.testcases.TC01_AddReviewComments.tc01_AddReviewComments(java.util.Hashtable)] has no parameters defined but was found to be using a data provider (either explicitly specified or inherited from class level annotation).
Data provider mismatch
Method: tc01_AddReviewComments([Parameter{index=0, type=java.util.Hashtable, declaredAnnotations=[]}])
Arguments: [(java.util.LinkedHashMap) {UserName=testaccount1, Password=testpassword}]">
      <![CDATA[org.testng.internal.reflect.MethodMatcherException: 
[public void com.assignment.two.testcases.TC01_AddReviewComments.tc01_AddReviewComments(java.util.Hashtable)] has no parameters defined but was found to be using a data provider (either explicitly specified or inherited from class level annotation).
Data provider mismatch
Method: tc01_AddReviewComments([Parameter{index=0, type=java.util.Hashtable, declaredAnnotations=[]}])
Arguments: [(java.util.LinkedHashMap) {UserName=testaccount1, Password=testpassword}]
at java.base/java.util.ArrayList.forEach(ArrayList.java:1511)
... Removed 22 stack frames]]>
    </failure>
  </testcase> <!-- tc01_AddReviewComments -->
</testsuite> <!-- AddReviewComments -->
